app/build/outputs/logs/manifest-merger-release-report.txt
-- Merging decision tree log ---
manifest
ADDED from AndroidManifest.xml:2:1
	package
		ADDED from AndroidManifest.xml:3:5
		INJECTED from AndroidManifest.xml:0:0
		INJECTED from AndroidManifest.xml:0:0
	android:versionName
		ADDED from AndroidManifest.xml:5:5
	android:versionCode
		ADDED from AndroidManifest.xml:4:5
		INJECTED from AndroidManifest.xml:0:0
		INJECTED from AndroidManifest.xml:0:0
	xmlns:android
		ADDED from AndroidManifest.xml:2:11
uses-sdk
ADDED from AndroidManifest.xml:7:5
MERGED from com.google.firebase:firebase-core:9.0.0:4:5
MERGED from com.google.firebase:firebase-analytics:9.0.0:18:5
MERGED from com.google.android.gms:play-services-basement:9.0.0:18:5
MERGED from com.android.support:support-v4:23.0.1:20:5
MERGED from com.google.firebase:firebase-common:9.0.0:4:5
MERGED from com.google.android.gms:play-services-basement:9.0.0:18:5
MERGED from com.android.support:support-v4:23.0.1:20:5
MERGED from com.google.android.gms:play-services-tasks:9.0.0:4:5
MERGED from com.google.android.gms:play-services-basement:9.0.0:18:5
MERGED from com.android.support:support-v4:23.0.1:20:5
MERGED from com.google.firebase:firebase-analytics-impl:9.0.0:18:5
MERGED from com.google.android.gms:play-services-base:9.0.0:18:5
MERGED from com.google.android.gms:play-services-basement:9.0.0:18:5
MERGED from com.android.support:support-v4:23.0.1:20:5
MERGED from com.google.firebase:firebase-common:9.0.0:4:5
MERGED from com.google.android.gms:play-services-basement:9.0.0:18:5
MERGED from com.android.support:support-v4:23.0.1:20:5
MERGED from com.google.android.gms:play-services-tasks:9.0.0:4:5
MERGED from com.google.android.gms:play-services-basement:9.0.0:18:5
MERGED from com.android.support:support-v4:23.0.1:20:5
MERGED from com.google.android.gms:play-services-tasks:9.0.0:4:5
MERGED from com.google.android.gms:play-services-basement:9.0.0:18:5
MERGED from com.android.support:support-v4:23.0.1:20:5
MERGED from com.google.android.gms:play-services-basement:9.0.0:18:5
MERGED from com.android.support:support-v4:23.0.1:20:5
MERGED from com.google.firebase:firebase-iid:9.0.0:18:5
MERGED from com.google.android.gms:play-services-basement:9.0.0:18:5
MERGED from com.android.support:support-v4:23.0.1:20:5
MERGED from com.google.firebase:firebase-common:9.0.0:4:5
MERGED from com.google.android.gms:play-services-basement:9.0.0:18:5
MERGED from com.android.support:support-v4:23.0.1:20:5
MERGED from com.google.android.gms:play-services-tasks:9.0.0:4:5
MERGED from com.google.android.gms:play-services-basement:9.0.0:18:5
MERGED from com.android.support:support-v4:23.0.1:20:5
MERGED from com.google.firebase:firebase-common:9.0.0:4:5
MERGED from com.google.android.gms:play-services-basement:9.0.0:18:5
MERGED from com.android.support:support-v4:23.0.1:20:5
MERGED from com.google.android.gms:play-services-tasks:9.0.0:4:5
MERGED from com.google.android.gms:play-services-basement:9.0.0:18:5
MERGED from com.android.support:support-v4:23.0.1:20:5
MERGED from com.android.support:appcompat-v7:23.0.1:20:5
MERGED from com.android.support:support-v4:23.0.1:20:5
MERGED from com.google.android.gms:play-services-drive:9.0.0:18:5
MERGED from com.google.android.gms:play-services-base:9.0.0:18:5
MERGED from com.google.android.gms:play-services-basement:9.0.0:18:5
MERGED from com.android.support:support-v4:23.0.1:20:5
MERGED from com.google.firebase:firebase-common:9.0.0:4:5
MERGED from com.google.android.gms:play-services-basement:9.0.0:18:5
MERGED from com.android.support:support-v4:23.0.1:20:5
MERGED from com.google.android.gms:play-services-tasks:9.0.0:4:5
MERGED from com.google.android.gms:play-services-basement:9.0.0:18:5
MERGED from com.android.support:support-v4:23.0.1:20:5
MERGED from com.google.android.gms:play-services-tasks:9.0.0:4:5
MERGED from com.google.android.gms:play-services-basement:9.0.0:18:5
MERGED from com.android.support:support-v4:23.0.1:20:5
MERGED from com.google.android.gms:play-services-basement:9.0.0:18:5
MERGED from com.android.support:support-v4:23.0.1:20:5
MERGED from com.google.android.gms:play-services-auth:9.0.0:18:5
MERGED from com.google.android.gms:play-services-auth-base:9.0.0:5:5
MERGED from com.google.android.gms:play-services-base:9.0.0:18:5
MERGED from com.google.android.gms:play-services-basement:9.0.0:18:5
MERGED from com.android.support:support-v4:23.0.1:20:5
MERGED from com.google.firebase:firebase-common:9.0.0:4:5
MERGED from com.google.android.gms:play-services-basement:9.0.0:18:5
MERGED from com.android.support:support-v4:23.0.1:20:5
MERGED from com.google.android.gms:play-services-tasks:9.0.0:4:5
MERGED from com.google.android.gms:play-services-basement:9.0.0:18:5
MERGED from com.android.support:support-v4:23.0.1:20:5
MERGED from com.google.android.gms:play-services-tasks:9.0.0:4:5
MERGED from com.google.android.gms:play-services-basement:9.0.0:18:5
MERGED from com.android.support:support-v4:23.0.1:20:5
MERGED from com.google.android.gms:play-services-basement:9.0.0:18:5
MERGED from com.android.support:support-v4:23.0.1:20:5
MERGED from com.google.android.gms:play-services-base:9.0.0:18:5
MERGED from com.google.android.gms:play-services-basement:9.0.0:18:5
MERGED from com.android.support:support-v4:23.0.1:20:5
MERGED from com.google.firebase:firebase-common:9.0.0:4:5
MERGED from com.google.android.gms:play-services-basement:9.0.0:18:5
MERGED from com.android.support:support-v4:23.0.1:20:5
MERGED from com.google.android.gms:play-services-tasks:9.0.0:4:5
MERGED from com.google.android.gms:play-services-basement:9.0.0:18:5
MERGED from com.android.support:support-v4:23.0.1:20:5
MERGED from com.google.android.gms:play-services-tasks:9.0.0:4:5
MERGED from com.google.android.gms:play-services-basement:9.0.0:18:5
MERGED from com.android.support:support-v4:23.0.1:20:5
MERGED from com.google.android.gms:play-services-basement:9.0.0:18:5
MERGED from com.android.support:support-v4:23.0.1:20:5
MERGED from com.sromku:simple-storage:1.2.0:8:5
	android:targetSdkVersion
		ADDED from AndroidManifest.xml:9:9
		INJECTED from AndroidManifest.xml:0:0
		INJECTED from AndroidManifest.xml:0:0
	android:minSdkVersion
		ADDED from AndroidManifest.xml:8:9
		INJECTED from AndroidManifest.xml:0:0
		INJECTED from AndroidManifest.xml:0:0
supports-screens
ADDED from AndroidManifest.xml:11:5
	android:smallScreens
		ADDED from AndroidManifest.xml:11:23
uses-permission#android.permission.GET_TASKS
ADDED from AndroidManifest.xml:14:5
	android:name
		ADDED from AndroidManifest.xml:14:22
uses-permission#android.permission.INTERNET
ADDED from AndroidManifest.xml:15:5
MERGED from com.google.firebase:firebase-analytics:9.0.0:21:5
MERGED from com.google.firebase:firebase-analytics-impl:9.0.0:21:5
MERGED from com.google.firebase:firebase-iid:9.0.0:21:5
	android:name
		ADDED from AndroidManifest.xml:15:22
uses-permission#android.permission.ACCESS_NETWORK_STATE
ADDED from AndroidManifest.xml:16:5
MERGED from com.google.firebase:firebase-analytics:9.0.0:22:5
MERGED from com.google.firebase:firebase-analytics-impl:9.0.0:22:5
MERGED from com.google.firebase:firebase-iid:9.0.0:20:5
	android:name
		ADDED from AndroidManifest.xml:16:22
uses-permission#android.permission.GET_ACCOUNTS
ADDED from AndroidManifest.xml:17:5
	android:name
		ADDED from AndroidManifest.xml:17:22
uses-permission#android.permission.WRITE_EXTERNAL_STORAGE
ADDED from AndroidManifest.xml:18:5
	android:name
		ADDED from AndroidManifest.xml:18:22
uses-permission#android.permission.READ_EXTERNAL_STORAGE
ADDED from AndroidManifest.xml:19:5
	android:name
		ADDED from AndroidManifest.xml:19:22
application
ADDED from AndroidManifest.xml:22:5
MERGED from com.google.firebase:firebase-core:9.0.0:5:5
MERGED from com.google.firebase:firebase-analytics:9.0.0:26:5
MERGED from com.google.android.gms:play-services-basement:9.0.0:20:5
MERGED from com.android.support:support-v4:23.0.1:22:5
MERGED from com.google.firebase:firebase-common:9.0.0:5:5
MERGED from com.google.android.gms:play-services-basement:9.0.0:20:5
MERGED from com.android.support:support-v4:23.0.1:22:5
MERGED from com.google.android.gms:play-services-tasks:9.0.0:5:5
MERGED from com.google.android.gms:play-services-basement:9.0.0:20:5
MERGED from com.android.support:support-v4:23.0.1:22:5
MERGED from com.google.firebase:firebase-analytics-impl:9.0.0:26:5
MERGED from com.google.android.gms:play-services-base:9.0.0:19:5
MERGED from com.google.android.gms:play-services-basement:9.0.0:20:5
MERGED from com.android.support:support-v4:23.0.1:22:5
MERGED from com.google.firebase:firebase-common:9.0.0:5:5
MERGED from com.google.android.gms:play-services-basement:9.0.0:20:5
MERGED from com.android.support:support-v4:23.0.1:22:5
MERGED from com.google.android.gms:play-services-tasks:9.0.0:5:5
MERGED from com.google.android.gms:play-services-basement:9.0.0:20:5
MERGED from com.android.support:support-v4:23.0.1:22:5
MERGED from com.google.android.gms:play-services-tasks:9.0.0:5:5
MERGED from com.google.android.gms:play-services-basement:9.0.0:20:5
MERGED from com.android.support:support-v4:23.0.1:22:5
MERGED from com.google.android.gms:play-services-basement:9.0.0:20:5
MERGED from com.android.support:support-v4:23.0.1:22:5
MERGED from com.google.firebase:firebase-iid:9.0.0:30:5
MERGED from com.google.android.gms:play-services-basement:9.0.0:20:5
MERGED from com.android.support:support-v4:23.0.1:22:5
MERGED from com.google.firebase:firebase-common:9.0.0:5:5
MERGED from com.google.android.gms:play-services-basement:9.0.0:20:5
MERGED from com.android.support:support-v4:23.0.1:22:5
MERGED from com.google.android.gms:play-services-tasks:9.0.0:5:5
MERGED from com.google.android.gms:play-services-basement:9.0.0:20:5
MERGED from com.android.support:support-v4:23.0.1:22:5
MERGED from com.google.firebase:firebase-common:9.0.0:5:5
MERGED from com.google.android.gms:play-services-basement:9.0.0:20:5
MERGED from com.android.support:support-v4:23.0.1:22:5
MERGED from com.google.android.gms:play-services-tasks:9.0.0:5:5
MERGED from com.google.android.gms:play-services-basement:9.0.0:20:5
MERGED from com.android.support:support-v4:23.0.1:22:5
MERGED from com.android.support:appcompat-v7:23.0.1:22:5
MERGED from com.android.support:support-v4:23.0.1:22:5
MERGED from com.google.android.gms:play-services-drive:9.0.0:19:5
MERGED from com.google.android.gms:play-services-base:9.0.0:19:5
MERGED from com.google.android.gms:play-services-basement:9.0.0:20:5
MERGED from com.android.support:support-v4:23.0.1:22:5
MERGED from com.google.firebase:firebase-common:9.0.0:5:5
MERGED from com.google.android.gms:play-services-basement:9.0.0:20:5
MERGED from com.android.support:support-v4:23.0.1:22:5
MERGED from com.google.android.gms:play-services-tasks:9.0.0:5:5
MERGED from com.google.android.gms:play-services-basement:9.0.0:20:5
MERGED from com.android.support:support-v4:23.0.1:22:5
MERGED from com.google.android.gms:play-services-tasks:9.0.0:5:5
MERGED from com.google.android.gms:play-services-basement:9.0.0:20:5
MERGED from com.android.support:support-v4:23.0.1:22:5
MERGED from com.google.android.gms:play-services-basement:9.0.0:20:5
MERGED from com.android.support:support-v4:23.0.1:22:5
MERGED from com.google.android.gms:play-services-auth:9.0.0:20:5
MERGED from com.google.android.gms:play-services-base:9.0.0:19:5
MERGED from com.google.android.gms:play-services-basement:9.0.0:20:5
MERGED from com.android.support:support-v4:23.0.1:22:5
MERGED from com.google.firebase:firebase-common:9.0.0:5:5
MERGED from com.google.android.gms:play-services-basement:9.0.0:20:5
MERGED from com.android.support:support-v4:23.0.1:22:5
MERGED from com.google.android.gms:play-services-tasks:9.0.0:5:5
MERGED from com.google.android.gms:play-services-basement:9.0.0:20:5
MERGED from com.android.support:support-v4:23.0.1:22:5
MERGED from com.google.android.gms:play-services-tasks:9.0.0:5:5
MERGED from com.google.android.gms:play-services-basement:9.0.0:20:5
MERGED from com.android.support:support-v4:23.0.1:22:5
MERGED from com.google.android.gms:play-services-basement:9.0.0:20:5
MERGED from com.android.support:support-v4:23.0.1:22:5
MERGED from com.google.android.gms:play-services-base:9.0.0:19:5
MERGED from com.google.android.gms:play-services-basement:9.0.0:20:5
MERGED from com.android.support:support-v4:23.0.1:22:5
MERGED from com.google.firebase:firebase-common:9.0.0:5:5
MERGED from com.google.android.gms:play-services-basement:9.0.0:20:5
MERGED from com.android.support:support-v4:23.0.1:22:5
MERGED from com.google.android.gms:play-services-tasks:9.0.0:5:5
MERGED from com.google.android.gms:play-services-basement:9.0.0:20:5
MERGED from com.android.support:support-v4:23.0.1:22:5
MERGED from com.google.android.gms:play-services-tasks:9.0.0:5:5
MERGED from com.google.android.gms:play-services-basement:9.0.0:20:5
MERGED from com.android.support:support-v4:23.0.1:22:5
MERGED from com.google.android.gms:play-services-basement:9.0.0:20:5
MERGED from com.android.support:support-v4:23.0.1:22:5
	android:label
		ADDED from AndroidManifest.xml:27:9
	android:allowBackup
		ADDED from AndroidManifest.xml:25:9
	android:icon
		ADDED from AndroidManifest.xml:26:9
	android:largeHeap
		ADDED from AndroidManifest.xml:23:9
	android:name
		ADDED from AndroidManifest.xml:24:9
meta-data#com.google.android.gms.version
ADDED from AndroidManifest.xml:28:9
MERGED from com.google.android.gms:play-services-basement:9.0.0:21:9
MERGED from com.google.android.gms:play-services-basement:9.0.0:21:9
MERGED from com.google.android.gms:play-services-basement:9.0.0:21:9
MERGED from com.google.android.gms:play-services-basement:9.0.0:21:9
MERGED from com.google.android.gms:play-services-basement:9.0.0:21:9
MERGED from com.google.android.gms:play-services-basement:9.0.0:21:9
MERGED from com.google.android.gms:play-services-basement:9.0.0:21:9
MERGED from com.google.android.gms:play-services-basement:9.0.0:21:9
MERGED from com.google.android.gms:play-services-basement:9.0.0:21:9
MERGED from com.google.android.gms:play-services-basement:9.0.0:21:9
MERGED from com.google.android.gms:play-services-basement:9.0.0:21:9
MERGED from com.google.android.gms:play-services-basement:9.0.0:21:9
MERGED from com.google.android.gms:play-services-basement:9.0.0:21:9
MERGED from com.google.android.gms:play-services-basement:9.0.0:21:9
MERGED from com.google.android.gms:play-services-basement:9.0.0:21:9
MERGED from com.google.android.gms:play-services-basement:9.0.0:21:9
MERGED from com.google.android.gms:play-services-basement:9.0.0:21:9
MERGED from com.google.android.gms:play-services-basement:9.0.0:21:9
MERGED from com.google.android.gms:play-services-basement:9.0.0:21:9
MERGED from com.google.android.gms:play-services-basement:9.0.0:21:9
MERGED from com.google.android.gms:play-services-basement:9.0.0:21:9
MERGED from com.google.android.gms:play-services-basement:9.0.0:21:9
MERGED from com.google.android.gms:play-services-basement:9.0.0:21:9
MERGED from com.google.android.gms:play-services-basement:9.0.0:21:9
MERGED from com.google.android.gms:play-services-basement:9.0.0:21:9
MERGED from com.google.android.gms:play-services-basement:9.0.0:21:9
MERGED from com.google.android.gms:play-services-basement:9.0.0:21:9
MERGED from com.google.android.gms:play-services-basement:9.0.0:21:9
	android:value
		ADDED from AndroidManifest.xml:30:13
	android:name
		ADDED from AndroidManifest.xml:29:13
activity#com.tvad.android.MainActivity
ADDED from AndroidManifest.xml:31:9
	android:label
		ADDED from AndroidManifest.xml:33:13
	android:launchMode
		ADDED from AndroidManifest.xml:34:13
	android:theme
		ADDED from AndroidManifest.xml:35:13
	android:name
		ADDED from AndroidManifest.xml:32:13
activity#com.tvad.android.ConfigActivity
ADDED from AndroidManifest.xml:38:9
	android:label
		ADDED from AndroidManifest.xml:40:13
	android:name
		ADDED from AndroidManifest.xml:39:13
intent-filter#android.intent.action.MAIN+android.intent.category.LAUNCHER
ADDED from AndroidManifest.xml:41:13
action#android.intent.action.MAIN
ADDED from AndroidManifest.xml:42:17
	android:name
		ADDED from AndroidManifest.xml:42:25
category#android.intent.category.LAUNCHER
ADDED from AndroidManifest.xml:44:17
	android:name
		ADDED from AndroidManifest.xml:44:27
receiver#com.tvad.android.AlarmReceiver
ADDED from AndroidManifest.xml:48:9
	android:name
		ADDED from AndroidManifest.xml:49:13
receiver#com.tvad.android.BootReceiver
ADDED from AndroidManifest.xml:51:9
	android:name
		ADDED from AndroidManifest.xml:51:19
intent-filter#android.intent.action.BOOT_COMPLETED+android.intent.category.HOME
ADDED from AndroidManifest.xml:52:13
action#android.intent.action.BOOT_COMPLETED
ADDED from AndroidManifest.xml:53:17
	android:name
		ADDED from AndroidManifest.xml:53:25
category#android.intent.category.HOME
ADDED from AndroidManifest.xml:55:17
	android:name
		ADDED from AndroidManifest.xml:55:27
receiver#com.tvad.android.OutgoingReceiver
ADDED from AndroidManifest.xml:59:9
	android:enabled
		ADDED from AndroidManifest.xml:59:68
	android:name
		ADDED from AndroidManifest.xml:59:19
intent-filter#com.tvad.overlay.action.OVERLAY
ADDED from AndroidManifest.xml:60:4
action#com.tvad.overlay.action.OVERLAY
ADDED from AndroidManifest.xml:61:5
	android:name
		ADDED from AndroidManifest.xml:61:13
receiver#com.tvad.android.IncomingReceiver
ADDED from AndroidManifest.xml:64:3
	android:enabled
		ADDED from AndroidManifest.xml:64:62
	android:name
		ADDED from AndroidManifest.xml:64:13
intent-filter#com.tvad.overlay.action.OVERLAY_QUERY
ADDED from AndroidManifest.xml:65:4
action#com.tvad.overlay.action.OVERLAY_QUERY
ADDED from AndroidManifest.xml:66:5
	android:name
		ADDED from AndroidManifest.xml:66:13
uses-permission#android.permission.WAKE_LOCK
ADDED from com.google.firebase:firebase-analytics:9.0.0:24:5
MERGED from com.google.firebase:firebase-analytics-impl:9.0.0:24:5
MERGED from com.google.firebase:firebase-iid:9.0.0:22:5
	android:name
		ADDED from com.google.firebase:firebase-analytics:9.0.0:24:22
receiver#com.google.android.gms.measurement.AppMeasurementReceiver
ADDED from com.google.firebase:firebase-analytics:9.0.0:28:7
MERGED from com.google.firebase:firebase-analytics-impl:9.0.0:28:7
	android:enabled
		ADDED from com.google.firebase:firebase-analytics:9.0.0:30:11
	android:name
		ADDED from com.google.firebase:firebase-analytics:9.0.0:29:11
intent-filter#com.google.android.gms.measurement.UPLOAD
ADDED from com.google.firebase:firebase-analytics:9.0.0:31:9
action#com.google.android.gms.measurement.UPLOAD
ADDED from com.google.firebase:firebase-analytics:9.0.0:32:11
	android:name
		ADDED from com.google.firebase:firebase-analytics:9.0.0:32:19
service#com.google.android.gms.measurement.AppMeasurementService
ADDED from com.google.firebase:firebase-analytics:9.0.0:36:7
MERGED from com.google.firebase:firebase-analytics-impl:9.0.0:36:7
	android:enabled
		ADDED from com.google.firebase:firebase-analytics:9.0.0:38:11
	android:exported
		ADDED from com.google.firebase:firebase-analytics:9.0.0:39:11
	android:name
		ADDED from com.google.firebase:firebase-analytics:9.0.0:37:11
provider#com.google.firebase.provider.FirebaseInitProvider
ADDED from com.google.firebase:firebase-common:9.0.0:7:9
MERGED from com.google.firebase:firebase-common:9.0.0:7:9
MERGED from com.google.firebase:firebase-common:9.0.0:7:9
MERGED from com.google.firebase:firebase-common:9.0.0:7:9
MERGED from com.google.firebase:firebase-common:9.0.0:7:9
MERGED from com.google.firebase:firebase-common:9.0.0:7:9
MERGED from com.google.firebase:firebase-common:9.0.0:7:9
	android:authorities
		ADDED from com.google.firebase:firebase-common:9.0.0:8:13
	android:exported
		ADDED from com.google.firebase:firebase-common:9.0.0:10:13
	android:initOrder
		ADDED from com.google.firebase:firebase-common:9.0.0:11:13
	android:name
		ADDED from com.google.firebase:firebase-common:9.0.0:9:13
activity#com.google.android.gms.common.api.GoogleApiActivity
ADDED from com.google.android.gms:play-services-base:9.0.0:20:9
MERGED from com.google.android.gms:play-services-base:9.0.0:20:9
MERGED from com.google.android.gms:play-services-base:9.0.0:20:9
MERGED from com.google.android.gms:play-services-base:9.0.0:20:9
	android:exported
		ADDED from com.google.android.gms:play-services-base:9.0.0:22:19
	android:theme
		ADDED from com.google.android.gms:play-services-base:9.0.0:21:19
	android:name
		ADDED from com.google.android.gms:play-services-base:9.0.0:20:19
uses-permission#com.google.android.c2dm.permission.RECEIVE
ADDED from com.google.firebase:firebase-iid:9.0.0:23:5
	android:name
		ADDED from com.google.firebase:firebase-iid:9.0.0:23:22
permission#${applicationId}.permission.C2D_MESSAGE
ADDED from com.google.firebase:firebase-iid:9.0.0:25:5
	android:protectionLevel
		ADDED from com.google.firebase:firebase-iid:9.0.0:26:9
	android:name
		ADDED from com.google.firebase:firebase-iid:9.0.0:25:17
uses-permission#${applicationId}.permission.C2D_MESSAGE
ADDED from com.google.firebase:firebase-iid:9.0.0:28:5
	android:name
		ADDED from com.google.firebase:firebase-iid:9.0.0:28:22
receiver#com.google.firebase.iid.FirebaseInstanceIdReceiver
ADDED from com.google.firebase:firebase-iid:9.0.0:32:9
	android:exported
		ADDED from com.google.firebase:firebase-iid:9.0.0:34:13
	android:permission
		ADDED from com.google.firebase:firebase-iid:9.0.0:35:13
	android:name
		ADDED from com.google.firebase:firebase-iid:9.0.0:33:13
intent-filter#${applicationId}+com.google.android.c2dm.intent.RECEIVE+com.google.android.c2dm.intent.REGISTRATION
ADDED from com.google.firebase:firebase-iid:9.0.0:36:13
action#com.google.android.c2dm.intent.RECEIVE
ADDED from com.google.firebase:firebase-iid:9.0.0:37:17
	android:name
		ADDED from com.google.firebase:firebase-iid:9.0.0:37:25
action#com.google.android.c2dm.intent.REGISTRATION
ADDED from com.google.firebase:firebase-iid:9.0.0:38:17
	android:name
		ADDED from com.google.firebase:firebase-iid:9.0.0:38:25
category#${applicationId}
ADDED from com.google.firebase:firebase-iid:9.0.0:39:17
	android:name
		ADDED from com.google.firebase:firebase-iid:9.0.0:39:27
receiver#com.google.firebase.iid.FirebaseInstanceIdInternalReceiver
ADDED from com.google.firebase:firebase-iid:9.0.0:45:9
	android:exported
		ADDED from com.google.firebase:firebase-iid:9.0.0:47:13
	android:name
		ADDED from com.google.firebase:firebase-iid:9.0.0:46:13
service#com.google.firebase.iid.FirebaseInstanceIdService
ADDED from com.google.firebase:firebase-iid:9.0.0:51:9
	android:exported
		ADDED from com.google.firebase:firebase-iid:9.0.0:53:13
	android:name
		ADDED from com.google.firebase:firebase-iid:9.0.0:52:13
intent-filter#com.google.firebase.INSTANCE_ID_EVENT
ADDED from com.google.firebase:firebase-iid:9.0.0:54:13
	android:priority
		ADDED from com.google.firebase:firebase-iid:9.0.0:54:28
action#com.google.firebase.INSTANCE_ID_EVENT
ADDED from com.google.firebase:firebase-iid:9.0.0:55:17
	android:name
		ADDED from com.google.firebase:firebase-iid:9.0.0:55:25
activity#com.google.android.gms.auth.api.signin.internal.SignInHubActivity
ADDED from com.google.android.gms:play-services-auth:9.0.0:21:9
	android:excludeFromRecents
		ADDED from com.google.android.gms:play-services-auth:9.0.0:23:19
	android:exported
		ADDED from com.google.android.gms:play-services-auth:9.0.0:24:19
	android:theme
		ADDED from com.google.android.gms:play-services-auth:9.0.0:22:19
	android:name
		ADDED from com.google.android.gms:play-services-auth:9.0.0:21:19
service#com.google.android.gms.auth.api.signin.RevocationBoundService
ADDED from com.google.android.gms:play-services-auth:9.0.0:28:9
	android:exported
		ADDED from com.google.android.gms:play-services-auth:9.0.0:30:13
	android:permission
		ADDED from com.google.android.gms:play-services-auth:9.0.0:31:13
	android:name
		ADDED from com.google.android.gms:play-services-auth:9.0.0:29:13